<?xml version="1.0" encoding="UTF-8"?>
<!-- Generated by org.testng.reporters.JUnitXMLReporter -->
<testsuite ignored="0" hostname="mayura" failures="1" tests="2" name="Default test" time="0.531" errors="0" timestamp="2025-06-26T09:21:08 IST">
  <testcase classname="io.cucumber.testng.AbstractTestNGCucumberTests" name="runScenario" time="0.11"/>
  <testcase classname="io.cucumber.testng.AbstractTestNGCucumberTests" name="runScenario" time="0.043">
    <failure type="io.cucumber.testng.UndefinedStepException" message="The step &amp;apos;I open browser with OrangeHRM application&amp;apos; is undefined.
You can implement this step using the snippet(s) below:

@Given(&amp;quot;I open browser with OrangeHRM application&amp;quot;)
public void i_open_browser_with_orange_hrm_application() {
    // Write code here that turns the phrase above into concrete actions
    throw new io.cucumber.java.PendingException();
}
">
      <![CDATA[io.cucumber.testng.UndefinedStepException: The step 'I open browser with OrangeHRM application' is undefined.
You can implement this step using the snippet(s) below:

@Given("I open browser with OrangeHRM application")
public void i_open_browser_with_orange_hrm_application() {
    // Write code here that turns the phrase above into concrete actions
    throw new io.cucumber.java.PendingException();
}

at âœ½.I open browser with OrangeHRM application(file:///D:/Balaji/Company/Equiniti%20Jun%202025%20Java/automation_workspace/EmployeeManagementBDD/src/test/resources/feature/Login.feature:15)
]]>
    </failure>
  </testcase> <!-- runScenario -->
</testsuite> <!-- Default test -->
