<?xml version="1.0" encoding="UTF-8"?>
<!-- Generated by org.testng.reporters.JUnitReportReporter -->
<testsuite hostname="mayura" failures="0" tests="2" name="com.eq.runner.RunnerTest" time="0.153" errors="1" timestamp="2025-06-26T09:21:08 IST" skipped="0">
  <testcase classname="com.eq.runner.RunnerTest" name="runScenario" time="0.110"/>
  <testcase classname="com.eq.runner.RunnerTest" name="runScenario" time="0.043">
    <error message="The step &#039;I open browser with OrangeHRM application&#039; is undefined.
You can implement this step using the snippet(s) below:

@Given(&quot;I open browser with OrangeHRM application&quot;)
public void i_open_browser_with_orange_hrm_application() {
    // Write code here that turns the phrase above into concrete actions
    throw new io.cucumber.java.PendingException();
}
" type="io.cucumber.testng.UndefinedStepException">
      <![CDATA[io.cucumber.testng.UndefinedStepException: The step 'I open browser with OrangeHRM application' is undefined.
You can implement this step using the snippet(s) below:

@Given("I open browser with OrangeHRM application")
public void i_open_browser_with_orange_hrm_application() {
    // Write code here that turns the phrase above into concrete actions
    throw new io.cucumber.java.PendingException();
}

at âœ½.I open browser with OrangeHRM application(file:///D:/Balaji/Company/Equiniti%20Jun%202025%20Java/automation_workspace/EmployeeManagementBDD/src/test/resources/feature/Login.feature:15)
]]>
    </error>
  </testcase> <!-- runScenario -->
</testsuite> <!-- com.eq.runner.RunnerTest -->
